<?xml version="1.0" encoding="utf-8"?>
<CoverageSession xmlns:xsd="http://www.w3.org/2001/XMLSchema" xmlns:xsi="http://www.w3.org/2001/XMLSchema-instance" Version="4.7.922.0">
  <Summary numSequencePoints="114" visitedSequencePoints="114" numBranchPoints="22" visitedBranchPoints="21" sequenceCoverage="100" branchCoverage="95.45" maxCyclomaticComplexity="3" minCyclomaticComplexity="1" maxCrapScore="3" minCrapScore="1" visitedClasses="1" numClasses="1" visitedMethods="16" numMethods="16" />
  <Modules>
    <Module hash="02-85-DD-C7-72-02-72-AB-1E-84-4B-68-E8-B8-41-69-10-CD-0A-2C">
      <Summary numSequencePoints="114" visitedSequencePoints="114" numBranchPoints="22" visitedBranchPoints="21" sequenceCoverage="100" branchCoverage="95.45" maxCyclomaticComplexity="3" minCyclomaticComplexity="1" maxCrapScore="3" minCrapScore="1" visitedClasses="1" numClasses="1" visitedMethods="16" numMethods="16" />
      <ModulePath>D:\Code\CardGame\CardGame.Tests\bin\Debug\fine-code-coverage\build-output\CardGame.Tests.dll</ModulePath>
      <ModuleTime>2024-08-25T14:34:27.0245055Z</ModuleTime>
      <ModuleName>CardGame.Tests</ModuleName>
      <Files>
        <File uid="1" fullPath="D:\Code\CardGame\CardGame.Tests\UnitTest1.cs" />
      </Files>
      <Classes>
        <Class>
          <Summary numSequencePoints="114" visitedSequencePoints="114" numBranchPoints="22" visitedBranchPoints="21" sequenceCoverage="100" branchCoverage="95.45" maxCyclomaticComplexity="3" minCyclomaticComplexity="1" maxCrapScore="3" minCrapScore="1" visitedClasses="1" numClasses="1" visitedMethods="16" numMethods="16" />
          <FullName>CardGame.Tests.InputsTests</FullName>
          <Methods>
            <Method visited="true" cyclomaticComplexity="1" nPathComplexity="0" sequenceCoverage="100" branchCoverage="100" crapScore="1" isConstructor="false" isStatic="false" isGetter="false" isSetter="false">
              <Summary numSequencePoints="8" visitedSequencePoints="8" numBranchPoints="1" visitedBranchPoints="1" sequenceCoverage="100" branchCoverage="100" maxCyclomaticComplexity="1" minCyclomaticComplexity="1" maxCrapScore="1" minCrapScore="1" visitedClasses="0" numClasses="0" visitedMethods="1" numMethods="1" />
              <MetadataToken>100663297</MetadataToken>
              <Name>System.Void CardGame.Tests.InputsTests::Setup()</Name>
              <FileRef uid="1" />
              <SequencePoints>
                <SequencePoint vc="13" uspid="1" ordinal="0" offset="0" sl="17" sc="9" el="17" ec="10" bec="0" bev="0" fileid="1" />
                <SequencePoint vc="13" uspid="2" ordinal="1" offset="1" sl="18" sc="13" el="18" ec="36" bec="0" bev="0" fileid="1" />
                <SequencePoint vc="13" uspid="3" ordinal="2" offset="12" sl="19" sc="13" el="19" ec="49" bec="0" bev="0" fileid="1" />
                <SequencePoint vc="13" uspid="4" ordinal="3" offset="23" sl="20" sc="13" el="20" ec="44" bec="0" bev="0" fileid="1" />
                <SequencePoint vc="13" uspid="5" ordinal="4" offset="35" sl="21" sc="13" el="21" ec="36" bec="0" bev="0" fileid="1" />
                <SequencePoint vc="13" uspid="6" ordinal="5" offset="46" sl="22" sc="13" el="22" ec="49" bec="0" bev="0" fileid="1" />
                <SequencePoint vc="13" uspid="7" ordinal="6" offset="57" sl="23" sc="13" el="23" ec="44" bec="0" bev="0" fileid="1" />
                <SequencePoint vc="13" uspid="8" ordinal="7" offset="69" sl="25" sc="9" el="25" ec="10" bec="0" bev="0" fileid="1" />
              </SequencePoints>
              <BranchPoints />
              <MethodPoint xsi:type="SequencePoint" vc="13" uspid="1" ordinal="0" offset="0" sl="17" sc="9" el="17" ec="10" bec="0" bev="0" fileid="1" />
            </Method>
            <Method visited="true" cyclomaticComplexity="1" nPathComplexity="0" sequenceCoverage="100" branchCoverage="100" crapScore="1" isConstructor="false" isStatic="false" isGetter="false" isSetter="false">
              <Summary numSequencePoints="4" visitedSequencePoints="4" numBranchPoints="1" visitedBranchPoints="1" sequenceCoverage="100" branchCoverage="100" maxCyclomaticComplexity="1" minCyclomaticComplexity="1" maxCrapScore="1" minCrapScore="1" visitedClasses="0" numClasses="0" visitedMethods="1" numMethods="1" />
              <MetadataToken>100663298</MetadataToken>
              <Name>System.Void CardGame.Tests.InputsTests::SetInput(System.String)</Name>
              <FileRef uid="1" />
              <SequencePoints>
                <SequencePoint vc="5" uspid="9" ordinal="0" offset="0" sl="27" sc="9" el="27" ec="10" bec="0" bev="0" fileid="1" />
                <SequencePoint vc="5" uspid="10" ordinal="1" offset="1" sl="28" sc="13" el="28" ec="53" bec="0" bev="0" fileid="1" />
                <SequencePoint vc="5" uspid="11" ordinal="2" offset="13" sl="29" sc="13" el="29" ec="42" bec="0" bev="0" fileid="1" />
                <SequencePoint vc="5" uspid="12" ordinal="3" offset="25" sl="30" sc="9" el="30" ec="10" bec="0" bev="0" fileid="1" />
              </SequencePoints>
              <BranchPoints />
              <MethodPoint xsi:type="SequencePoint" vc="5" uspid="9" ordinal="0" offset="0" sl="27" sc="9" el="27" ec="10" bec="0" bev="0" fileid="1" />
            </Method>
            <Method visited="true" cyclomaticComplexity="1" nPathComplexity="0" sequenceCoverage="100" branchCoverage="100" crapScore="1" isConstructor="false" isStatic="false" isGetter="false" isSetter="false">
              <Summary numSequencePoints="7" visitedSequencePoints="7" numBranchPoints="1" visitedBranchPoints="1" sequenceCoverage="100" branchCoverage="100" maxCyclomaticComplexity="1" minCyclomaticComplexity="1" maxCrapScore="1" minCrapScore="1" visitedClasses="0" numClasses="0" visitedMethods="1" numMethods="1" />
              <MetadataToken>100663299</MetadataToken>
              <Name>System.Void CardGame.Tests.InputsTests::InputAccepted()</Name>
              <FileRef uid="1" />
              <SequencePoints>
                <SequencePoint vc="1" uspid="13" ordinal="0" offset="0" sl="34" sc="9" el="34" ec="10" bec="0" bev="0" fileid="1" />
                <SequencePoint vc="1" uspid="14" ordinal="1" offset="1" sl="35" sc="13" el="35" ec="34" bec="0" bev="0" fileid="1" />
                <SequencePoint vc="1" uspid="15" ordinal="2" offset="13" sl="36" sc="13" el="36" ec="45" bec="0" bev="0" fileid="1" />
                <SequencePoint vc="1" uspid="16" ordinal="3" offset="19" sl="37" sc="13" el="37" ec="27" bec="0" bev="0" fileid="1" />
                <SequencePoint vc="1" uspid="17" ordinal="4" offset="26" sl="38" sc="13" el="38" ec="52" bec="0" bev="0" fileid="1" />
                <SequencePoint vc="1" uspid="18" ordinal="5" offset="38" sl="39" sc="13" el="39" ec="60" bec="0" bev="0" fileid="1" />
                <SequencePoint vc="1" uspid="19" ordinal="6" offset="51" sl="40" sc="9" el="40" ec="10" bec="0" bev="0" fileid="1" />
              </SequencePoints>
              <BranchPoints />
              <MethodPoint xsi:type="SequencePoint" vc="1" uspid="13" ordinal="0" offset="0" sl="34" sc="9" el="34" ec="10" bec="0" bev="0" fileid="1" />
            </Method>
            <Method visited="true" cyclomaticComplexity="1" nPathComplexity="0" sequenceCoverage="100" branchCoverage="100" crapScore="1" isConstructor="false" isStatic="false" isGetter="false" isSetter="false">
              <Summary numSequencePoints="7" visitedSequencePoints="7" numBranchPoints="1" visitedBranchPoints="1" sequenceCoverage="100" branchCoverage="100" maxCyclomaticComplexity="1" minCyclomaticComplexity="1" maxCrapScore="1" minCrapScore="1" visitedClasses="0" numClasses="0" visitedMethods="1" numMethods="1" />
              <MetadataToken>100663300</MetadataToken>
              <Name>System.Void CardGame.Tests.InputsTests::MultiInput()</Name>
              <FileRef uid="1" />
              <SequencePoints>
                <SequencePoint vc="1" uspid="20" ordinal="0" offset="0" sl="43" sc="9" el="43" ec="10" bec="0" bev="0" fileid="1" />
                <SequencePoint vc="1" uspid="21" ordinal="1" offset="1" sl="44" sc="13" el="44" ec="38" bec="0" bev="0" fileid="1" />
                <SequencePoint vc="1" uspid="22" ordinal="2" offset="13" sl="45" sc="13" el="45" ec="45" bec="0" bev="0" fileid="1" />
                <SequencePoint vc="1" uspid="23" ordinal="3" offset="19" sl="46" sc="13" el="46" ec="27" bec="0" bev="0" fileid="1" />
                <SequencePoint vc="1" uspid="24" ordinal="4" offset="26" sl="47" sc="13" el="47" ec="52" bec="0" bev="0" fileid="1" />
                <SequencePoint vc="1" uspid="25" ordinal="5" offset="38" sl="48" sc="13" el="48" ec="60" bec="0" bev="0" fileid="1" />
                <SequencePoint vc="1" uspid="26" ordinal="6" offset="51" sl="49" sc="9" el="49" ec="10" bec="0" bev="0" fileid="1" />
              </SequencePoints>
              <BranchPoints />
              <MethodPoint xsi:type="SequencePoint" vc="1" uspid="20" ordinal="0" offset="0" sl="43" sc="9" el="43" ec="10" bec="0" bev="0" fileid="1" />
            </Method>
            <Method visited="true" cyclomaticComplexity="1" nPathComplexity="0" sequenceCoverage="100" branchCoverage="100" crapScore="1" isConstructor="false" isStatic="false" isGetter="false" isSetter="false">
              <Summary numSequencePoints="7" visitedSequencePoints="7" numBranchPoints="1" visitedBranchPoints="1" sequenceCoverage="100" branchCoverage="100" maxCyclomaticComplexity="1" minCyclomaticComplexity="1" maxCrapScore="1" minCrapScore="1" visitedClasses="0" numClasses="0" visitedMethods="1" numMethods="1" />
              <MetadataToken>100663301</MetadataToken>
              <Name>System.Void CardGame.Tests.InputsTests::ScoreWorks()</Name>
              <FileRef uid="1" />
              <SequencePoints>
                <SequencePoint vc="1" uspid="27" ordinal="0" offset="0" sl="52" sc="9" el="52" ec="10" bec="0" bev="0" fileid="1" />
                <SequencePoint vc="1" uspid="28" ordinal="1" offset="1" sl="53" sc="13" el="53" ec="37" bec="0" bev="0" fileid="1" />
                <SequencePoint vc="1" uspid="29" ordinal="2" offset="13" sl="54" sc="13" el="54" ec="38" bec="0" bev="0" fileid="1" />
                <SequencePoint vc="1" uspid="30" ordinal="3" offset="19" sl="55" sc="13" el="55" ec="27" bec="0" bev="0" fileid="1" />
                <SequencePoint vc="1" uspid="31" ordinal="4" offset="26" sl="56" sc="13" el="56" ec="52" bec="0" bev="0" fileid="1" />
                <SequencePoint vc="1" uspid="32" ordinal="5" offset="38" sl="57" sc="13" el="57" ec="60" bec="0" bev="0" fileid="1" />
                <SequencePoint vc="1" uspid="33" ordinal="6" offset="51" sl="58" sc="9" el="58" ec="10" bec="0" bev="0" fileid="1" />
              </SequencePoints>
              <BranchPoints />
              <MethodPoint xsi:type="SequencePoint" vc="1" uspid="27" ordinal="0" offset="0" sl="52" sc="9" el="52" ec="10" bec="0" bev="0" fileid="1" />
            </Method>
            <Method visited="true" cyclomaticComplexity="1" nPathComplexity="0" sequenceCoverage="100" branchCoverage="100" crapScore="1" isConstructor="false" isStatic="false" isGetter="false" isSetter="false">
              <Summary numSequencePoints="7" visitedSequencePoints="7" numBranchPoints="1" visitedBranchPoints="1" sequenceCoverage="100" branchCoverage="100" maxCyclomaticComplexity="1" minCyclomaticComplexity="1" maxCrapScore="1" minCrapScore="1" visitedClasses="0" numClasses="0" visitedMethods="1" numMethods="1" />
              <MetadataToken>100663302</MetadataToken>
              <Name>System.Void CardGame.Tests.InputsTests::InvalidInput()</Name>
              <FileRef uid="1" />
              <SequencePoints>
                <SequencePoint vc="1" uspid="34" ordinal="0" offset="0" sl="61" sc="9" el="61" ec="10" bec="0" bev="0" fileid="1" />
                <SequencePoint vc="1" uspid="35" ordinal="1" offset="1" sl="62" sc="13" el="62" ec="43" bec="0" bev="0" fileid="1" />
                <SequencePoint vc="1" uspid="36" ordinal="2" offset="13" sl="63" sc="13" el="63" ec="56" bec="0" bev="0" fileid="1" />
                <SequencePoint vc="1" uspid="37" ordinal="3" offset="19" sl="64" sc="13" el="64" ec="27" bec="0" bev="0" fileid="1" />
                <SequencePoint vc="1" uspid="38" ordinal="4" offset="26" sl="66" sc="13" el="66" ec="52" bec="0" bev="0" fileid="1" />
                <SequencePoint vc="1" uspid="39" ordinal="5" offset="38" sl="67" sc="13" el="67" ec="60" bec="0" bev="0" fileid="1" />
                <SequencePoint vc="1" uspid="40" ordinal="6" offset="51" sl="68" sc="9" el="68" ec="10" bec="0" bev="0" fileid="1" />
              </SequencePoints>
              <BranchPoints />
              <MethodPoint xsi:type="SequencePoint" vc="1" uspid="34" ordinal="0" offset="0" sl="61" sc="9" el="61" ec="10" bec="0" bev="0" fileid="1" />
            </Method>
            <Method visited="true" cyclomaticComplexity="1" nPathComplexity="0" sequenceCoverage="100" branchCoverage="100" crapScore="1" isConstructor="false" isStatic="false" isGetter="false" isSetter="false">
              <Summary numSequencePoints="6" visitedSequencePoints="6" numBranchPoints="1" visitedBranchPoints="1" sequenceCoverage="100" branchCoverage="100" maxCyclomaticComplexity="1" minCyclomaticComplexity="1" maxCrapScore="1" minCrapScore="1" visitedClasses="0" numClasses="0" visitedMethods="1" numMethods="1" />
              <MetadataToken>100663303</MetadataToken>
              <Name>System.Void CardGame.Tests.InputsTests::StopWorks()</Name>
              <FileRef uid="1" />
              <SequencePoints>
                <SequencePoint vc="1" uspid="41" ordinal="0" offset="0" sl="71" sc="9" el="71" ec="10" bec="0" bev="0" fileid="1" />
                <SequencePoint vc="1" uspid="42" ordinal="1" offset="1" sl="73" sc="13" el="73" ec="34" bec="0" bev="0" fileid="1" />
                <SequencePoint vc="1" uspid="43" ordinal="2" offset="13" sl="74" sc="13" el="74" ec="27" bec="0" bev="0" fileid="1" />
                <SequencePoint vc="1" uspid="44" ordinal="3" offset="20" sl="75" sc="13" el="75" ec="52" bec="0" bev="0" fileid="1" />
                <SequencePoint vc="1" uspid="45" ordinal="4" offset="32" sl="76" sc="13" el="76" ec="57" bec="0" bev="0" fileid="1" />
                <SequencePoint vc="1" uspid="46" ordinal="5" offset="49" sl="77" sc="9" el="77" ec="10" bec="0" bev="0" fileid="1" />
              </SequencePoints>
              <BranchPoints />
              <MethodPoint xsi:type="SequencePoint" vc="1" uspid="41" ordinal="0" offset="0" sl="71" sc="9" el="71" ec="10" bec="0" bev="0" fileid="1" />
            </Method>
            <Method visited="true" cyclomaticComplexity="3" nPathComplexity="4" sequenceCoverage="100" branchCoverage="100" crapScore="3" isConstructor="false" isStatic="false" isGetter="false" isSetter="false">
              <Summary numSequencePoints="13" visitedSequencePoints="13" numBranchPoints="5" visitedBranchPoints="5" sequenceCoverage="100" branchCoverage="100" maxCyclomaticComplexity="3" minCyclomaticComplexity="3" maxCrapScore="3" minCrapScore="3" visitedClasses="0" numClasses="0" visitedMethods="1" numMethods="1" />
              <MetadataToken>100663304</MetadataToken>
              <Name>System.Void CardGame.Tests.InputsTests::RunGameLoop()</Name>
              <FileRef uid="1" />
              <SequencePoints>
                <SequencePoint vc="5" uspid="47" ordinal="0" offset="0" sl="79" sc="9" el="79" ec="10" bec="0" bev="0" fileid="1" />
                <SequencePoint vc="5" uspid="48" ordinal="1" offset="1" sl="80" sc="13" el="80" ec="38" bec="0" bev="0" fileid="1" />
                <SequencePoint vc="5" uspid="49" ordinal="2" offset="7" sl="81" sc="13" el="81" ec="37" bec="0" bev="0" fileid="1" />
                <SequencePoint vc="5" uspid="50" ordinal="3" offset="9" sl="82" sc="13" el="82" ec="222" bec="0" bev="0" fileid="1" />
                <SequencePoint vc="9" uspid="51" ordinal="4" offset="22" sl="84" sc="13" el="84" ec="14" bec="0" bev="0" fileid="1" />
                <SequencePoint vc="9" uspid="52" ordinal="5" offset="23" sl="85" sc="17" el="85" ec="69" bec="0" bev="0" fileid="1" />
                <SequencePoint vc="9" uspid="53" ordinal="6" offset="35" sl="86" sc="17" el="86" ec="50" bec="2" bev="2" fileid="1" />
                <SequencePoint vc="5" uspid="54" ordinal="7" offset="55" sl="87" sc="17" el="87" ec="18" bec="0" bev="0" fileid="1" />
                <SequencePoint vc="5" uspid="55" ordinal="8" offset="56" sl="88" sc="21" el="88" ec="41" bec="0" bev="0" fileid="1" />
                <SequencePoint vc="5" uspid="56" ordinal="9" offset="58" sl="89" sc="17" el="89" ec="18" bec="0" bev="0" fileid="1" />
                <SequencePoint vc="9" uspid="57" ordinal="10" offset="59" sl="90" sc="13" el="90" ec="14" bec="0" bev="0" fileid="1" />
                <SequencePoint vc="14" uspid="58" ordinal="11" offset="60" sl="83" sc="13" el="83" ec="32" bec="2" bev="2" fileid="1" />
                <SequencePoint vc="5" uspid="59" ordinal="12" offset="67" sl="91" sc="9" el="91" ec="10" bec="0" bev="0" fileid="1" />
              </SequencePoints>
              <BranchPoints>
                <BranchPoint vc="5" uspid="60" ordinal="0" offset="53" sl="86" path="0" offsetend="55" fileid="1" />
                <BranchPoint vc="4" uspid="61" ordinal="1" offset="53" sl="86" path="1" offsetend="59" fileid="1" />
                <BranchPoint vc="5" uspid="62" ordinal="2" offset="65" sl="83" path="0" offsetend="67" fileid="1" />
                <BranchPoint vc="9" uspid="63" ordinal="3" offset="65" sl="83" path="1" offsetend="22" fileid="1" />
              </BranchPoints>
              <MethodPoint xsi:type="SequencePoint" vc="5" uspid="47" ordinal="0" offset="0" sl="79" sc="9" el="79" ec="10" bec="0" bev="0" fileid="1" />
            </Method>
            <Method visited="true" cyclomaticComplexity="2" nPathComplexity="0" sequenceCoverage="100" branchCoverage="100" crapScore="2" isConstructor="false" isStatic="false" isGetter="false" isSetter="false">
              <Summary numSequencePoints="13" visitedSequencePoints="13" numBranchPoints="1" visitedBranchPoints="1" sequenceCoverage="100" branchCoverage="100" maxCyclomaticComplexity="2" minCyclomaticComplexity="2" maxCrapScore="2" minCrapScore="2" visitedClasses="0" numClasses="0" visitedMethods="1" numMethods="1" />
              <MetadataToken>100663305</MetadataToken>
              <Name>System.Void CardGame.Tests.InputsTests::Checker_InvalidCharacter_ShouldPrintInvalidInput()</Name>
              <FileRef uid="1" />
              <SequencePoints>
                <SequencePoint vc="1" uspid="64" ordinal="0" offset="0" sl="94" sc="9" el="94" ec="10" bec="0" bev="0" fileid="1" />
                <SequencePoint vc="1" uspid="65" ordinal="1" offset="1" sl="95" sc="13" el="95" ec="78" bec="0" bev="0" fileid="1" />
                <SequencePoint vc="1" uspid="66" ordinal="2" offset="40" sl="97" sc="13" el="97" ec="20" bec="0" bev="0" fileid="1" />
                <SequencePoint vc="1" uspid="67" ordinal="3" offset="41" sl="97" sc="35" el="97" ec="48" bec="0" bev="0" fileid="1" />
                <SequencePoint vc="4" uspid="68" ordinal="4" offset="47" sl="97" sc="22" el="97" ec="31" bec="0" bev="0" fileid="1" />
                <SequencePoint vc="4" uspid="69" ordinal="5" offset="51" sl="98" sc="13" el="98" ec="14" bec="0" bev="0" fileid="1" />
                <SequencePoint vc="4" uspid="70" ordinal="6" offset="52" sl="99" sc="17" el="99" ec="56" bec="0" bev="0" fileid="1" />
                <SequencePoint vc="4" uspid="71" ordinal="7" offset="66" sl="100" sc="17" el="100" ec="46" bec="0" bev="0" fileid="1" />
                <SequencePoint vc="4" uspid="72" ordinal="8" offset="79" sl="101" sc="17" el="101" ec="91" bec="0" bev="0" fileid="1" />
                <SequencePoint vc="4" uspid="73" ordinal="9" offset="106" sl="102" sc="17" el="102" ec="59" bec="0" bev="0" fileid="1" />
                <SequencePoint vc="4" uspid="74" ordinal="10" offset="123" sl="103" sc="13" el="103" ec="14" bec="0" bev="0" fileid="1" />
                <SequencePoint vc="5" uspid="75" ordinal="11" offset="128" sl="97" sc="32" el="97" ec="34" bec="0" bev="0" fileid="1" />
                <SequencePoint vc="1" uspid="76" ordinal="12" offset="134" sl="104" sc="9" el="104" ec="10" bec="0" bev="0" fileid="1" />
              </SequencePoints>
              <BranchPoints />
              <MethodPoint xsi:type="SequencePoint" vc="1" uspid="64" ordinal="0" offset="0" sl="94" sc="9" el="94" ec="10" bec="0" bev="0" fileid="1" />
            </Method>
            <Method visited="true" cyclomaticComplexity="2" nPathComplexity="2" sequenceCoverage="100" branchCoverage="66.67" crapScore="2" isConstructor="false" isStatic="false" isGetter="false" isSetter="false">
              <Summary numSequencePoints="6" visitedSequencePoints="6" numBranchPoints="3" visitedBranchPoints="2" sequenceCoverage="100" branchCoverage="66.67" maxCyclomaticComplexity="2" minCyclomaticComplexity="2" maxCrapScore="2" minCrapScore="2" visitedClasses="0" numClasses="0" visitedMethods="1" numMethods="1" />
              <MetadataToken>100663306</MetadataToken>
              <Name>System.Void CardGame.Tests.InputsTests::ScoreClear()</Name>
              <FileRef uid="1" />
              <SequencePoints>
                <SequencePoint vc="1" uspid="79" ordinal="0" offset="0" sl="107" sc="9" el="107" ec="10" bec="0" bev="0" fileid="1" />
                <SequencePoint vc="1" uspid="80" ordinal="1" offset="1" sl="108" sc="13" el="108" ec="54" bec="0" bev="0" fileid="1" />
                <SequencePoint vc="1" uspid="81" ordinal="2" offset="18" sl="109" sc="13" el="109" ec="53" bec="0" bev="0" fileid="1" />
                <SequencePoint vc="1" uspid="82" ordinal="3" offset="30" sl="110" sc="13" el="110" ec="52" bec="0" bev="0" fileid="1" />
                <SequencePoint vc="1" uspid="83" ordinal="4" offset="42" sl="111" sc="13" el="111" ec="97" bec="2" bev="1" fileid="1" />
                <SequencePoint vc="1" uspid="84" ordinal="5" offset="75" sl="112" sc="9" el="112" ec="10" bec="0" bev="0" fileid="1" />
              </SequencePoints>
              <BranchPoints>
                <BranchPoint vc="0" uspid="85" ordinal="0" offset="53" sl="111" path="0" offsetend="55" fileid="1" />
                <BranchPoint vc="1" uspid="86" ordinal="1" offset="53" sl="111" path="1" offsetend="68" fileid="1" />
              </BranchPoints>
              <MethodPoint xsi:type="SequencePoint" vc="1" uspid="79" ordinal="0" offset="0" sl="107" sc="9" el="107" ec="10" bec="0" bev="0" fileid="1" />
            </Method>
            <Method visited="true" cyclomaticComplexity="1" nPathComplexity="0" sequenceCoverage="100" branchCoverage="100" crapScore="1" isConstructor="false" isStatic="false" isGetter="false" isSetter="false">
              <Summary numSequencePoints="5" visitedSequencePoints="5" numBranchPoints="1" visitedBranchPoints="1" sequenceCoverage="100" branchCoverage="100" maxCyclomaticComplexity="1" minCyclomaticComplexity="1" maxCrapScore="1" minCrapScore="1" visitedClasses="0" numClasses="0" visitedMethods="1" numMethods="1" />
              <MetadataToken>100663307</MetadataToken>
              <Name>System.Void CardGame.Tests.InputsTests::CardWorks()</Name>
              <FileRef uid="1" />
              <SequencePoints>
                <SequencePoint vc="1" uspid="87" ordinal="0" offset="0" sl="115" sc="9" el="115" ec="10" bec="0" bev="0" fileid="1" />
                <SequencePoint vc="1" uspid="88" ordinal="1" offset="1" sl="116" sc="13" el="116" ec="51" bec="0" bev="0" fileid="1" />
                <SequencePoint vc="1" uspid="89" ordinal="2" offset="18" sl="117" sc="13" el="117" ec="53" bec="0" bev="0" fileid="1" />
                <SequencePoint vc="1" uspid="90" ordinal="3" offset="30" sl="118" sc="13" el="118" ec="75" bec="0" bev="0" fileid="1" />
                <SequencePoint vc="1" uspid="91" ordinal="4" offset="57" sl="119" sc="9" el="119" ec="10" bec="0" bev="0" fileid="1" />
              </SequencePoints>
              <BranchPoints />
              <MethodPoint xsi:type="SequencePoint" vc="1" uspid="87" ordinal="0" offset="0" sl="115" sc="9" el="115" ec="10" bec="0" bev="0" fileid="1" />
            </Method>
            <Method visited="true" cyclomaticComplexity="1" nPathComplexity="0" sequenceCoverage="100" branchCoverage="100" crapScore="1" isConstructor="false" isStatic="false" isGetter="false" isSetter="false">
              <Summary numSequencePoints="6" visitedSequencePoints="6" numBranchPoints="1" visitedBranchPoints="1" sequenceCoverage="100" branchCoverage="100" maxCyclomaticComplexity="1" minCyclomaticComplexity="1" maxCrapScore="1" minCrapScore="1" visitedClasses="0" numClasses="0" visitedMethods="1" numMethods="1" />
              <MetadataToken>100663308</MetadataToken>
              <Name>System.Void CardGame.Tests.InputsTests::DuplicateFail()</Name>
              <FileRef uid="1" />
              <SequencePoints>
                <SequencePoint vc="1" uspid="92" ordinal="0" offset="0" sl="122" sc="9" el="122" ec="10" bec="0" bev="0" fileid="1" />
                <SequencePoint vc="1" uspid="93" ordinal="1" offset="1" sl="123" sc="13" el="123" ec="35" bec="0" bev="0" fileid="1" />
                <SequencePoint vc="1" uspid="94" ordinal="2" offset="18" sl="124" sc="13" el="124" ec="51" bec="0" bev="0" fileid="1" />
                <SequencePoint vc="1" uspid="95" ordinal="3" offset="35" sl="125" sc="13" el="125" ec="53" bec="0" bev="0" fileid="1" />
                <SequencePoint vc="1" uspid="96" ordinal="4" offset="47" sl="126" sc="13" el="126" ec="93" bec="0" bev="0" fileid="1" />
                <SequencePoint vc="1" uspid="97" ordinal="5" offset="74" sl="127" sc="9" el="127" ec="10" bec="0" bev="0" fileid="1" />
              </SequencePoints>
              <BranchPoints />
              <MethodPoint xsi:type="SequencePoint" vc="1" uspid="92" ordinal="0" offset="0" sl="122" sc="9" el="122" ec="10" bec="0" bev="0" fileid="1" />
            </Method>
            <Method visited="true" cyclomaticComplexity="1" nPathComplexity="0" sequenceCoverage="100" branchCoverage="100" crapScore="1" isConstructor="false" isStatic="false" isGetter="false" isSetter="false">
              <Summary numSequencePoints="5" visitedSequencePoints="5" numBranchPoints="1" visitedBranchPoints="1" sequenceCoverage="100" branchCoverage="100" maxCyclomaticComplexity="1" minCyclomaticComplexity="1" maxCrapScore="1" minCrapScore="1" visitedClasses="0" numClasses="0" visitedMethods="1" numMethods="1" />
              <MetadataToken>100663309</MetadataToken>
              <Name>System.Void CardGame.Tests.InputsTests::JokerWorks()</Name>
              <FileRef uid="1" />
              <SequencePoints>
                <SequencePoint vc="1" uspid="98" ordinal="0" offset="0" sl="130" sc="9" el="130" ec="10" bec="0" bev="0" fileid="1" />
                <SequencePoint vc="1" uspid="99" ordinal="1" offset="1" sl="131" sc="13" el="131" ec="51" bec="0" bev="0" fileid="1" />
                <SequencePoint vc="1" uspid="100" ordinal="2" offset="18" sl="132" sc="13" el="132" ec="53" bec="0" bev="0" fileid="1" />
                <SequencePoint vc="1" uspid="101" ordinal="3" offset="30" sl="133" sc="13" el="133" ec="78" bec="0" bev="0" fileid="1" />
                <SequencePoint vc="1" uspid="102" ordinal="4" offset="57" sl="134" sc="9" el="134" ec="10" bec="0" bev="0" fileid="1" />
              </SequencePoints>
              <BranchPoints />
              <MethodPoint xsi:type="SequencePoint" vc="1" uspid="98" ordinal="0" offset="0" sl="130" sc="9" el="130" ec="10" bec="0" bev="0" fileid="1" />
            </Method>
            <Method visited="true" cyclomaticComplexity="1" nPathComplexity="0" sequenceCoverage="100" branchCoverage="100" crapScore="1" isConstructor="false" isStatic="false" isGetter="false" isSetter="false">
              <Summary numSequencePoints="7" visitedSequencePoints="7" numBranchPoints="1" visitedBranchPoints="1" sequenceCoverage="100" branchCoverage="100" maxCyclomaticComplexity="1" minCyclomaticComplexity="1" maxCrapScore="1" minCrapScore="1" visitedClasses="0" numClasses="0" visitedMethods="1" numMethods="1" />
              <MetadataToken>100663310</MetadataToken>
              <Name>System.Void CardGame.Tests.InputsTests::JokerFail()</Name>
              <FileRef uid="1" />
              <SequencePoints>
                <SequencePoint vc="1" uspid="103" ordinal="0" offset="0" sl="137" sc="9" el="137" ec="10" bec="0" bev="0" fileid="1" />
                <SequencePoint vc="1" uspid="104" ordinal="1" offset="1" sl="138" sc="13" el="138" ec="35" bec="0" bev="0" fileid="1" />
                <SequencePoint vc="1" uspid="105" ordinal="2" offset="18" sl="139" sc="13" el="139" ec="35" bec="0" bev="0" fileid="1" />
                <SequencePoint vc="1" uspid="106" ordinal="3" offset="35" sl="140" sc="13" el="140" ec="51" bec="0" bev="0" fileid="1" />
                <SequencePoint vc="1" uspid="107" ordinal="4" offset="52" sl="141" sc="13" el="141" ec="53" bec="0" bev="0" fileid="1" />
                <SequencePoint vc="1" uspid="108" ordinal="5" offset="64" sl="142" sc="13" el="142" ec="109" bec="0" bev="0" fileid="1" />
                <SequencePoint vc="1" uspid="109" ordinal="6" offset="91" sl="143" sc="9" el="143" ec="10" bec="0" bev="0" fileid="1" />
              </SequencePoints>
              <BranchPoints />
              <MethodPoint xsi:type="SequencePoint" vc="1" uspid="103" ordinal="0" offset="0" sl="137" sc="9" el="137" ec="10" bec="0" bev="0" fileid="1" />
            </Method>
            <Method visited="true" cyclomaticComplexity="1" nPathComplexity="0" sequenceCoverage="100" branchCoverage="100" crapScore="1" isConstructor="false" isStatic="false" isGetter="false" isSetter="false">
              <Summary numSequencePoints="7" visitedSequencePoints="7" numBranchPoints="1" visitedBranchPoints="1" sequenceCoverage="100" branchCoverage="100" maxCyclomaticComplexity="1" minCyclomaticComplexity="1" maxCrapScore="1" minCrapScore="1" visitedClasses="0" numClasses="0" visitedMethods="1" numMethods="1" />
              <MetadataToken>100663311</MetadataToken>
              <Name>System.Void CardGame.Tests.InputsTests::JokerCalculations()</Name>
              <FileRef uid="1" />
              <SequencePoints>
                <SequencePoint vc="1" uspid="110" ordinal="0" offset="0" sl="146" sc="9" el="146" ec="10" bec="0" bev="0" fileid="1" />
                <SequencePoint vc="1" uspid="111" ordinal="1" offset="1" sl="147" sc="13" el="147" ec="35" bec="0" bev="0" fileid="1" />
                <SequencePoint vc="1" uspid="112" ordinal="2" offset="18" sl="148" sc="13" el="148" ec="35" bec="0" bev="0" fileid="1" />
                <SequencePoint vc="1" uspid="113" ordinal="3" offset="35" sl="149" sc="13" el="149" ec="45" bec="0" bev="0" fileid="1" />
                <SequencePoint vc="1" uspid="114" ordinal="4" offset="47" sl="150" sc="13" el="150" ec="42" bec="0" bev="0" fileid="1" />
                <SequencePoint vc="1" uspid="115" ordinal="5" offset="59" sl="151" sc="13" el="151" ec="69" bec="0" bev="0" fileid="1" />
                <SequencePoint vc="1" uspid="116" ordinal="6" offset="86" sl="152" sc="9" el="152" ec="10" bec="0" bev="0" fileid="1" />
              </SequencePoints>
              <BranchPoints />
              <MethodPoint xsi:type="SequencePoint" vc="1" uspid="110" ordinal="0" offset="0" sl="146" sc="9" el="146" ec="10" bec="0" bev="0" fileid="1" />
            </Method>
            <Method visited="true" cyclomaticComplexity="1" nPathComplexity="0" sequenceCoverage="100" branchCoverage="100" crapScore="1" isConstructor="false" isStatic="false" isGetter="false" isSetter="false">
              <Summary numSequencePoints="6" visitedSequencePoints="6" numBranchPoints="1" visitedBranchPoints="1" sequenceCoverage="100" branchCoverage="100" maxCyclomaticComplexity="1" minCyclomaticComplexity="1" maxCrapScore="1" minCrapScore="1" visitedClasses="0" numClasses="0" visitedMethods="1" numMethods="1" />
              <MetadataToken>100663312</MetadataToken>
              <Name>System.Void CardGame.Tests.InputsTests::CorrectCalculations()</Name>
              <FileRef uid="1" />
              <SequencePoints>
                <SequencePoint vc="1" uspid="117" ordinal="0" offset="0" sl="155" sc="9" el="155" ec="10" bec="0" bev="0" fileid="1" />
                <SequencePoint vc="1" uspid="118" ordinal="1" offset="1" sl="156" sc="13" el="156" ec="35" bec="0" bev="0" fileid="1" />
                <SequencePoint vc="1" uspid="119" ordinal="2" offset="18" sl="157" sc="13" el="157" ec="45" bec="0" bev="0" fileid="1" />
                <SequencePoint vc="1" uspid="120" ordinal="3" offset="30" sl="158" sc="13" el="158" ec="42" bec="0" bev="0" fileid="1" />
                <SequencePoint vc="1" uspid="121" ordinal="4" offset="42" sl="159" sc="13" el="159" ec="69" bec="0" bev="0" fileid="1" />
                <SequencePoint vc="1" uspid="122" ordinal="5" offset="69" sl="160" sc="9" el="160" ec="10" bec="0" bev="0" fileid="1" />
              </SequencePoints>
              <BranchPoints />
              <MethodPoint xsi:type="SequencePoint" vc="1" uspid="117" ordinal="0" offset="0" sl="155" sc="9" el="155" ec="10" bec="0" bev="0" fileid="1" />
            </Method>
            <Method visited="false" cyclomaticComplexity="1" nPathComplexity="0" sequenceCoverage="0" branchCoverage="0" crapScore="2" isConstructor="true" isStatic="false" isGetter="false" isSetter="false">
              <Summary numSequencePoints="0" visitedSequencePoints="0" numBranchPoints="0" visitedBranchPoints="0" sequenceCoverage="0" branchCoverage="0" maxCyclomaticComplexity="1" minCyclomaticComplexity="1" maxCrapScore="2" minCrapScore="2" visitedClasses="0" numClasses="0" visitedMethods="0" numMethods="0" />
              <MetadataToken>100663313</MetadataToken>
              <Name>System.Void CardGame.Tests.InputsTests::.ctor()</Name>
              <SequencePoints />
              <BranchPoints />
              <MethodPoint vc="0" uspid="123" ordinal="0" offset="0" />
            </Method>
          </Methods>
        </Class>
      </Classes>
    </Module>
  </Modules>
</CoverageSession>